{"C:\\Users\\cefalo\\mymy\\mystory\\server.js": {"path":"C:\\Users\\cefalo\\mymy\\mystory\\server.js","statementMap":{"0":{"start":{"line":1,"column":16},"end":{"line":1,"column":34}},"1":{"start":{"line":2,"column":18},"end":{"line":2,"column":44}},"2":{"start":{"line":3,"column":12},"end":{"line":3,"column":21}},"3":{"start":{"line":4,"column":13},"end":{"line":4,"column":28}},"4":{"start":{"line":5,"column":14},"end":{"line":5,"column":38}},"5":{"start":{"line":6,"column":13},"end":{"line":6,"column":28}},"6":{"start":{"line":7,"column":0},"end":{"line":7,"column":27}},"7":{"start":{"line":10,"column":0},"end":{"line":10,"column":12}},"8":{"start":{"line":11,"column":0},"end":{"line":11,"column":16}},"9":{"start":{"line":12,"column":0},"end":{"line":12,"column":61}},"10":{"start":{"line":13,"column":0},"end":{"line":13,"column":41}},"11":{"start":{"line":15,"column":0},"end":{"line":15,"column":16}},"12":{"start":{"line":17,"column":12},"end":{"line":17,"column":36}},"13":{"start":{"line":19,"column":0},"end":{"line":19,"column":61}},"14":{"start":{"line":19,"column":21},"end":{"line":19,"column":59}},"15":{"start":{"line":20,"column":0},"end":{"line":20,"column":21}}},"fnMap":{"0":{"name":"(anonymous_0)","decl":{"start":{"line":19,"column":16},"end":{"line":19,"column":17}},"loc":{"start":{"line":19,"column":21},"end":{"line":19,"column":59}},"line":19}},"branchMap":{"0":{"loc":{"start":{"line":17,"column":12},"end":{"line":17,"column":36}},"type":"binary-expr","locations":[{"start":{"line":17,"column":12},"end":{"line":17,"column":28}},{"start":{"line":17,"column":32},"end":{"line":17,"column":36}}],"line":17}},"s":{"0":1,"1":1,"2":1,"3":1,"4":1,"5":1,"6":1,"7":1,"8":1,"9":1,"10":1,"11":1,"12":1,"13":1,"14":1,"15":1},"f":{"0":1},"b":{"0":[1,0]},"_coverageSchema":"1a1c01bbd47fc00a2c39e90264f33305004495a9","hash":"b320c16f832c2bd4a9dc9d211d08491cb32448f2"}
,"C:\\Users\\cefalo\\mymy\\mystory\\DB\\Connection.js": {"path":"C:\\Users\\cefalo\\mymy\\mystory\\DB\\Connection.js","statementMap":{"0":{"start":{"line":1,"column":17},"end":{"line":1,"column":36}},"1":{"start":{"line":2,"column":0},"end":{"line":2,"column":27}},"2":{"start":{"line":3,"column":13},"end":{"line":3,"column":113}},"3":{"start":{"line":8,"column":14},"end":{"line":8,"column":34}},"4":{"start":{"line":9,"column":18},"end":{"line":16,"column":1}},"5":{"start":{"line":10,"column":4},"end":{"line":14,"column":8}},"6":{"start":{"line":15,"column":4},"end":{"line":15,"column":35}},"7":{"start":{"line":18,"column":0},"end":{"line":18,"column":27}}},"fnMap":{"0":{"name":"(anonymous_0)","decl":{"start":{"line":9,"column":18},"end":{"line":9,"column":19}},"loc":{"start":{"line":9,"column":28},"end":{"line":16,"column":1}},"line":9}},"branchMap":{},"s":{"0":1,"1":1,"2":1,"3":1,"4":1,"5":1,"6":0,"7":1},"f":{"0":1},"b":{},"_coverageSchema":"1a1c01bbd47fc00a2c39e90264f33305004495a9","hash":"caaadcacb53937bc0c6290e6cb3d0978a16495df"}
,"C:\\Users\\cefalo\\mymy\\mystory\\controller\\AuthController.js": {"path":"C:\\Users\\cefalo\\mymy\\mystory\\controller\\AuthController.js","statementMap":{"0":{"start":{"line":1,"column":16},"end":{"line":1,"column":34}},"1":{"start":{"line":2,"column":17},"end":{"line":2,"column":36}},"2":{"start":{"line":3,"column":15},"end":{"line":3,"column":34}},"3":{"start":{"line":4,"column":12},"end":{"line":4,"column":35}},"4":{"start":{"line":5,"column":19},"end":{"line":5,"column":88}},"5":{"start":{"line":7,"column":19},"end":{"line":7,"column":49}},"6":{"start":{"line":8,"column":20},"end":{"line":8,"column":51}},"7":{"start":{"line":11,"column":23},"end":{"line":108,"column":1}},"8":{"start":{"line":13,"column":58},"end":{"line":13,"column":66}},"9":{"start":{"line":14,"column":8},"end":{"line":15,"column":80}},"10":{"start":{"line":15,"column":12},"end":{"line":15,"column":80}},"11":{"start":{"line":17,"column":8},"end":{"line":18,"column":71}},"12":{"start":{"line":18,"column":12},"end":{"line":18,"column":71}},"13":{"start":{"line":21,"column":8},"end":{"line":21,"column":15}},"14":{"start":{"line":25,"column":34},"end":{"line":25,"column":51}},"15":{"start":{"line":26,"column":8},"end":{"line":26,"column":64}},"16":{"start":{"line":27,"column":8},"end":{"line":27,"column":15}},"17":{"start":{"line":32,"column":39},"end":{"line":32,"column":47}},"18":{"start":{"line":34,"column":8},"end":{"line":58,"column":9}},"19":{"start":{"line":35,"column":12},"end":{"line":36,"column":84}},"20":{"start":{"line":36,"column":16},"end":{"line":36,"column":84}},"21":{"start":{"line":38,"column":29},"end":{"line":38,"column":67}},"22":{"start":{"line":39,"column":12},"end":{"line":41,"column":13}},"23":{"start":{"line":40,"column":16},"end":{"line":40,"column":71}},"24":{"start":{"line":43,"column":12},"end":{"line":53,"column":13}},"25":{"start":{"line":45,"column":30},"end":{"line":50,"column":17}},"26":{"start":{"line":52,"column":16},"end":{"line":52,"column":87}},"27":{"start":{"line":54,"column":12},"end":{"line":54,"column":72}},"28":{"start":{"line":57,"column":11},"end":{"line":57,"column":44}},"29":{"start":{"line":62,"column":29},"end":{"line":62,"column":57}},"30":{"start":{"line":64,"column":8},"end":{"line":72,"column":9}},"31":{"start":{"line":65,"column":27},"end":{"line":65,"column":50}},"32":{"start":{"line":66,"column":26},"end":{"line":66,"column":35}},"33":{"start":{"line":67,"column":12},"end":{"line":67,"column":30}},"34":{"start":{"line":68,"column":12},"end":{"line":68,"column":19}},"35":{"start":{"line":71,"column":12},"end":{"line":71,"column":69}},"36":{"start":{"line":76,"column":8},"end":{"line":84,"column":9}},"37":{"start":{"line":77,"column":31},"end":{"line":77,"column":64}},"38":{"start":{"line":78,"column":27},"end":{"line":78,"column":46}},"39":{"start":{"line":79,"column":12},"end":{"line":79,"column":37}},"40":{"start":{"line":80,"column":12},"end":{"line":80,"column":19}},"41":{"start":{"line":83,"column":12},"end":{"line":83,"column":62}},"42":{"start":{"line":87,"column":24},"end":{"line":87,"column":32}},"43":{"start":{"line":88,"column":19},"end":{"line":88,"column":32}},"44":{"start":{"line":89,"column":22},"end":{"line":89,"column":31}},"45":{"start":{"line":91,"column":8},"end":{"line":106,"column":9}},"46":{"start":{"line":92,"column":25},"end":{"line":92,"column":54}},"47":{"start":{"line":93,"column":34},"end":{"line":93,"column":47}},"48":{"start":{"line":94,"column":30},"end":{"line":94,"column":60}},"49":{"start":{"line":95,"column":12},"end":{"line":102,"column":13}},"50":{"start":{"line":96,"column":16},"end":{"line":96,"column":43}},"51":{"start":{"line":97,"column":16},"end":{"line":97,"column":41}},"52":{"start":{"line":98,"column":16},"end":{"line":98,"column":23}},"53":{"start":{"line":101,"column":16},"end":{"line":101,"column":78}},"54":{"start":{"line":105,"column":12},"end":{"line":105,"column":59}},"55":{"start":{"line":111,"column":0},"end":{"line":111,"column":32}}},"fnMap":{"0":{"name":"(anonymous_0)","decl":{"start":{"line":12,"column":27},"end":{"line":12,"column":28}},"loc":{"start":{"line":12,"column":47},"end":{"line":22,"column":5}},"line":12},"1":{"name":"(anonymous_1)","decl":{"start":{"line":23,"column":28},"end":{"line":23,"column":29}},"loc":{"start":{"line":23,"column":54},"end":{"line":28,"column":5}},"line":23},"2":{"name":"(anonymous_2)","decl":{"start":{"line":30,"column":17},"end":{"line":30,"column":18}},"loc":{"start":{"line":30,"column":43},"end":{"line":59,"column":5}},"line":30},"3":{"name":"(anonymous_3)","decl":{"start":{"line":61,"column":23},"end":{"line":61,"column":24}},"loc":{"start":{"line":61,"column":43},"end":{"line":73,"column":5}},"line":61},"4":{"name":"(anonymous_4)","decl":{"start":{"line":75,"column":15},"end":{"line":75,"column":16}},"loc":{"start":{"line":75,"column":35},"end":{"line":85,"column":5}},"line":75},"5":{"name":"(anonymous_5)","decl":{"start":{"line":86,"column":20},"end":{"line":86,"column":21}},"loc":{"start":{"line":86,"column":46},"end":{"line":107,"column":5}},"line":86}},"branchMap":{"0":{"loc":{"start":{"line":14,"column":8},"end":{"line":15,"column":80}},"type":"if","locations":[{"start":{"line":14,"column":8},"end":{"line":15,"column":80}},{"start":{"line":14,"column":8},"end":{"line":15,"column":80}}],"line":14},"1":{"loc":{"start":{"line":14,"column":12},"end":{"line":14,"column":69}},"type":"binary-expr","locations":[{"start":{"line":14,"column":12},"end":{"line":14,"column":34}},{"start":{"line":14,"column":38},"end":{"line":14,"column":69}}],"line":14},"2":{"loc":{"start":{"line":17,"column":8},"end":{"line":18,"column":71}},"type":"if","locations":[{"start":{"line":17,"column":8},"end":{"line":18,"column":71}},{"start":{"line":17,"column":8},"end":{"line":18,"column":71}}],"line":17},"3":{"loc":{"start":{"line":35,"column":12},"end":{"line":36,"column":84}},"type":"if","locations":[{"start":{"line":35,"column":12},"end":{"line":36,"column":84}},{"start":{"line":35,"column":12},"end":{"line":36,"column":84}}],"line":35},"4":{"loc":{"start":{"line":35,"column":16},"end":{"line":35,"column":64}},"type":"binary-expr","locations":[{"start":{"line":35,"column":16},"end":{"line":35,"column":38}},{"start":{"line":35,"column":42},"end":{"line":35,"column":64}}],"line":35},"5":{"loc":{"start":{"line":39,"column":12},"end":{"line":41,"column":13}},"type":"if","locations":[{"start":{"line":39,"column":12},"end":{"line":41,"column":13}},{"start":{"line":39,"column":12},"end":{"line":41,"column":13}}],"line":39},"6":{"loc":{"start":{"line":43,"column":12},"end":{"line":53,"column":13}},"type":"if","locations":[{"start":{"line":43,"column":12},"end":{"line":53,"column":13}},{"start":{"line":43,"column":12},"end":{"line":53,"column":13}}],"line":43},"7":{"loc":{"start":{"line":64,"column":8},"end":{"line":72,"column":9}},"type":"if","locations":[{"start":{"line":64,"column":8},"end":{"line":72,"column":9}},{"start":{"line":64,"column":8},"end":{"line":72,"column":9}}],"line":64},"8":{"loc":{"start":{"line":95,"column":12},"end":{"line":102,"column":13}},"type":"if","locations":[{"start":{"line":95,"column":12},"end":{"line":102,"column":13}},{"start":{"line":95,"column":12},"end":{"line":102,"column":13}}],"line":95}},"s":{"0":2,"1":2,"2":2,"3":2,"4":2,"5":2,"6":2,"7":2,"8":5,"9":5,"10":2,"11":3,"12":1,"13":2,"14":2,"15":2,"16":2,"17":7,"18":7,"19":7,"20":1,"21":6,"22":5,"23":2,"24":3,"25":2,"26":2,"27":1,"28":1,"29":5,"30":5,"31":4,"32":4,"33":4,"34":4,"35":1,"36":3,"37":3,"38":2,"39":2,"40":2,"41":1,"42":5,"43":5,"44":5,"45":5,"46":5,"47":4,"48":4,"49":4,"50":3,"51":3,"52":3,"53":1,"54":1,"55":2},"f":{"0":5,"1":2,"2":7,"3":5,"4":3,"5":5},"b":{"0":[2,3],"1":[5,4],"2":[1,2],"3":[1,6],"4":[7,7],"5":[2,3],"6":[2,1],"7":[4,1],"8":[3,1]},"_coverageSchema":"1a1c01bbd47fc00a2c39e90264f33305004495a9","hash":"e9a81e2314c51899b2e354b07637e70e1a82c75d"}
,"C:\\Users\\cefalo\\mymy\\mystory\\controller\\StoryController.js": {"path":"C:\\Users\\cefalo\\mymy\\mystory\\controller\\StoryController.js","statementMap":{"0":{"start":{"line":1,"column":16},"end":{"line":1,"column":34}},"1":{"start":{"line":2,"column":17},"end":{"line":2,"column":36}},"2":{"start":{"line":3,"column":15},"end":{"line":3,"column":31}},"3":{"start":{"line":6,"column":19},"end":{"line":6,"column":49}},"4":{"start":{"line":7,"column":20},"end":{"line":7,"column":51}},"5":{"start":{"line":8,"column":17},"end":{"line":8,"column":39}},"6":{"start":{"line":10,"column":24},"end":{"line":81,"column":1}},"7":{"start":{"line":12,"column":22},"end":{"line":12,"column":46}},"8":{"start":{"line":13,"column":8},"end":{"line":14,"column":67}},"9":{"start":{"line":14,"column":12},"end":{"line":14,"column":67}},"10":{"start":{"line":16,"column":8},"end":{"line":16,"column":25}},"11":{"start":{"line":17,"column":8},"end":{"line":17,"column":15}},"12":{"start":{"line":20,"column":19},"end":{"line":20,"column":32}},"13":{"start":{"line":21,"column":8},"end":{"line":29,"column":9}},"14":{"start":{"line":22,"column":25},"end":{"line":22,"column":55}},"15":{"start":{"line":23,"column":12},"end":{"line":23,"column":70}},"16":{"start":{"line":23,"column":23},"end":{"line":23,"column":70}},"17":{"start":{"line":24,"column":12},"end":{"line":24,"column":28}},"18":{"start":{"line":25,"column":12},"end":{"line":25,"column":19}},"19":{"start":{"line":28,"column":12},"end":{"line":28,"column":59}},"20":{"start":{"line":33,"column":41},"end":{"line":33,"column":49}},"21":{"start":{"line":34,"column":19},"end":{"line":34,"column":21}},"22":{"start":{"line":35,"column":8},"end":{"line":35,"column":111}},"23":{"start":{"line":35,"column":56},"end":{"line":35,"column":111}},"24":{"start":{"line":36,"column":8},"end":{"line":36,"column":29}},"25":{"start":{"line":37,"column":8},"end":{"line":37,"column":27}},"26":{"start":{"line":38,"column":8},"end":{"line":38,"column":27}},"27":{"start":{"line":39,"column":25},"end":{"line":39,"column":46}},"28":{"start":{"line":40,"column":8},"end":{"line":47,"column":9}},"29":{"start":{"line":41,"column":29},"end":{"line":41,"column":52}},"30":{"start":{"line":43,"column":12},"end":{"line":43,"column":101}},"31":{"start":{"line":46,"column":12},"end":{"line":46,"column":71}},"32":{"start":{"line":51,"column":25},"end":{"line":51,"column":39}},"33":{"start":{"line":52,"column":24},"end":{"line":52,"column":38}},"34":{"start":{"line":53,"column":8},"end":{"line":53,"column":78}},"35":{"start":{"line":53,"column":44},"end":{"line":53,"column":78}},"36":{"start":{"line":54,"column":8},"end":{"line":54,"column":78}},"37":{"start":{"line":54,"column":44},"end":{"line":54,"column":78}},"38":{"start":{"line":56,"column":8},"end":{"line":66,"column":9}},"39":{"start":{"line":57,"column":12},"end":{"line":62,"column":13}},"40":{"start":{"line":63,"column":12},"end":{"line":63,"column":50}},"41":{"start":{"line":65,"column":12},"end":{"line":65,"column":62}},"42":{"start":{"line":70,"column":25},"end":{"line":70,"column":39}},"43":{"start":{"line":71,"column":8},"end":{"line":79,"column":9}},"44":{"start":{"line":72,"column":12},"end":{"line":74,"column":13}},"45":{"start":{"line":75,"column":12},"end":{"line":75,"column":50}},"46":{"start":{"line":78,"column":12},"end":{"line":78,"column":62}},"47":{"start":{"line":83,"column":0},"end":{"line":83,"column":33}}},"fnMap":{"0":{"name":"(anonymous_0)","decl":{"start":{"line":11,"column":19},"end":{"line":11,"column":20}},"loc":{"start":{"line":11,"column":45},"end":{"line":18,"column":5}},"line":11},"1":{"name":"(anonymous_1)","decl":{"start":{"line":19,"column":17},"end":{"line":19,"column":18}},"loc":{"start":{"line":19,"column":43},"end":{"line":31,"column":5}},"line":19},"2":{"name":"(anonymous_2)","decl":{"start":{"line":32,"column":15},"end":{"line":32,"column":16}},"loc":{"start":{"line":32,"column":35},"end":{"line":48,"column":5}},"line":32},"3":{"name":"(anonymous_3)","decl":{"start":{"line":49,"column":17},"end":{"line":49,"column":18}},"loc":{"start":{"line":49,"column":37},"end":{"line":68,"column":5}},"line":49},"4":{"name":"(anonymous_4)","decl":{"start":{"line":69,"column":17},"end":{"line":69,"column":18}},"loc":{"start":{"line":69,"column":37},"end":{"line":80,"column":5}},"line":69}},"branchMap":{"0":{"loc":{"start":{"line":13,"column":8},"end":{"line":14,"column":67}},"type":"if","locations":[{"start":{"line":13,"column":8},"end":{"line":14,"column":67}},{"start":{"line":13,"column":8},"end":{"line":14,"column":67}}],"line":13},"1":{"loc":{"start":{"line":23,"column":12},"end":{"line":23,"column":70}},"type":"if","locations":[{"start":{"line":23,"column":12},"end":{"line":23,"column":70}},{"start":{"line":23,"column":12},"end":{"line":23,"column":70}}],"line":23},"2":{"loc":{"start":{"line":35,"column":8},"end":{"line":35,"column":111}},"type":"if","locations":[{"start":{"line":35,"column":8},"end":{"line":35,"column":111}},{"start":{"line":35,"column":8},"end":{"line":35,"column":111}}],"line":35},"3":{"loc":{"start":{"line":35,"column":12},"end":{"line":35,"column":54}},"type":"binary-expr","locations":[{"start":{"line":35,"column":12},"end":{"line":35,"column":31}},{"start":{"line":35,"column":35},"end":{"line":35,"column":54}}],"line":35},"4":{"loc":{"start":{"line":53,"column":8},"end":{"line":53,"column":78}},"type":"if","locations":[{"start":{"line":53,"column":8},"end":{"line":53,"column":78}},{"start":{"line":53,"column":8},"end":{"line":53,"column":78}}],"line":53},"5":{"loc":{"start":{"line":54,"column":8},"end":{"line":54,"column":78}},"type":"if","locations":[{"start":{"line":54,"column":8},"end":{"line":54,"column":78}},{"start":{"line":54,"column":8},"end":{"line":54,"column":78}}],"line":54}},"s":{"0":2,"1":2,"2":2,"3":2,"4":2,"5":2,"6":2,"7":3,"8":3,"9":1,"10":2,"11":2,"12":4,"13":4,"14":4,"15":3,"16":1,"17":2,"18":2,"19":1,"20":4,"21":4,"22":4,"23":1,"24":3,"25":3,"26":3,"27":3,"28":3,"29":3,"30":2,"31":1,"32":6,"33":6,"34":6,"35":2,"36":6,"37":2,"38":6,"39":6,"40":5,"41":1,"42":3,"43":3,"44":3,"45":2,"46":1,"47":2},"f":{"0":3,"1":4,"2":4,"3":6,"4":3},"b":{"0":[1,2],"1":[1,2],"2":[1,3],"3":[4,3],"4":[2,4],"5":[2,4]},"_coverageSchema":"1a1c01bbd47fc00a2c39e90264f33305004495a9","hash":"cb79565c4349c2226eb37253931d6048c860bb67"}
,"C:\\Users\\cefalo\\mymy\\mystory\\controller\\UserController.js": {"path":"C:\\Users\\cefalo\\mymy\\mystory\\controller\\UserController.js","statementMap":{"0":{"start":{"line":1,"column":16},"end":{"line":1,"column":34}},"1":{"start":{"line":2,"column":17},"end":{"line":2,"column":36}},"2":{"start":{"line":3,"column":15},"end":{"line":3,"column":31}},"3":{"start":{"line":4,"column":15},"end":{"line":4,"column":34}},"4":{"start":{"line":5,"column":16},"end":{"line":5,"column":36}},"5":{"start":{"line":9,"column":19},"end":{"line":9,"column":49}},"6":{"start":{"line":10,"column":17},"end":{"line":10,"column":39}},"7":{"start":{"line":12,"column":23},"end":{"line":86,"column":1}},"8":{"start":{"line":15,"column":25},"end":{"line":15,"column":42}},"9":{"start":{"line":16,"column":25},"end":{"line":16,"column":37}},"10":{"start":{"line":18,"column":8},"end":{"line":31,"column":9}},"11":{"start":{"line":19,"column":12},"end":{"line":22,"column":15}},"12":{"start":{"line":23,"column":12},"end":{"line":23,"column":69}},"13":{"start":{"line":26,"column":12},"end":{"line":28,"column":13}},"14":{"start":{"line":27,"column":17},"end":{"line":27,"column":72}},"15":{"start":{"line":30,"column":12},"end":{"line":30,"column":60}},"16":{"start":{"line":35,"column":22},"end":{"line":35,"column":30}},"17":{"start":{"line":36,"column":8},"end":{"line":82,"column":9}},"18":{"start":{"line":48,"column":29},"end":{"line":48,"column":31}},"19":{"start":{"line":49,"column":12},"end":{"line":49,"column":34}},"20":{"start":{"line":50,"column":12},"end":{"line":58,"column":13}},"21":{"start":{"line":51,"column":24},"end":{"line":51,"column":32}},"22":{"start":{"line":52,"column":16},"end":{"line":52,"column":37}},"23":{"start":{"line":53,"column":16},"end":{"line":53,"column":63}},"24":{"start":{"line":54,"column":16},"end":{"line":54,"column":69}},"25":{"start":{"line":55,"column":16},"end":{"line":55,"column":67}},"26":{"start":{"line":56,"column":16},"end":{"line":56,"column":67}},"27":{"start":{"line":57,"column":16},"end":{"line":57,"column":38}},"28":{"start":{"line":59,"column":12},"end":{"line":59,"column":34}},"29":{"start":{"line":60,"column":12},"end":{"line":60,"column":45}},"30":{"start":{"line":62,"column":13},"end":{"line":82,"column":9}},"31":{"start":{"line":63,"column":28},"end":{"line":63,"column":30}},"32":{"start":{"line":64,"column":12},"end":{"line":71,"column":13}},"33":{"start":{"line":65,"column":24},"end":{"line":65,"column":32}},"34":{"start":{"line":66,"column":16},"end":{"line":66,"column":51}},"35":{"start":{"line":67,"column":16},"end":{"line":67,"column":57}},"36":{"start":{"line":68,"column":16},"end":{"line":68,"column":55}},"37":{"start":{"line":69,"column":16},"end":{"line":69,"column":49}},"38":{"start":{"line":70,"column":16},"end":{"line":70,"column":34}},"39":{"start":{"line":72,"column":12},"end":{"line":72,"column":44}},"40":{"start":{"line":74,"column":13},"end":{"line":82,"column":9}},"41":{"start":{"line":75,"column":24},"end":{"line":75,"column":45}},"42":{"start":{"line":76,"column":28},"end":{"line":76,"column":43}},"43":{"start":{"line":77,"column":23},"end":{"line":77,"column":40}},"44":{"start":{"line":78,"column":12},"end":{"line":78,"column":37}},"45":{"start":{"line":81,"column":12},"end":{"line":81,"column":40}},"46":{"start":{"line":88,"column":0},"end":{"line":88,"column":32}}},"fnMap":{"0":{"name":"(anonymous_0)","decl":{"start":{"line":14,"column":18},"end":{"line":14,"column":19}},"loc":{"start":{"line":14,"column":38},"end":{"line":33,"column":5}},"line":14},"1":{"name":"(anonymous_1)","decl":{"start":{"line":34,"column":15},"end":{"line":34,"column":16}},"loc":{"start":{"line":34,"column":29},"end":{"line":84,"column":5}},"line":34}},"branchMap":{"0":{"loc":{"start":{"line":26,"column":12},"end":{"line":28,"column":13}},"type":"if","locations":[{"start":{"line":26,"column":12},"end":{"line":28,"column":13}},{"start":{"line":26,"column":12},"end":{"line":28,"column":13}}],"line":26},"1":{"loc":{"start":{"line":36,"column":8},"end":{"line":82,"column":9}},"type":"if","locations":[{"start":{"line":36,"column":8},"end":{"line":82,"column":9}},{"start":{"line":36,"column":8},"end":{"line":82,"column":9}}],"line":36},"2":{"loc":{"start":{"line":62,"column":13},"end":{"line":82,"column":9}},"type":"if","locations":[{"start":{"line":62,"column":13},"end":{"line":82,"column":9}},{"start":{"line":62,"column":13},"end":{"line":82,"column":9}}],"line":62},"3":{"loc":{"start":{"line":74,"column":13},"end":{"line":82,"column":9}},"type":"if","locations":[{"start":{"line":74,"column":13},"end":{"line":82,"column":9}},{"start":{"line":74,"column":13},"end":{"line":82,"column":9}}],"line":74}},"s":{"0":2,"1":2,"2":2,"3":2,"4":2,"5":2,"6":2,"7":2,"8":3,"9":3,"10":3,"11":3,"12":1,"13":2,"14":1,"15":1,"16":7,"17":7,"18":1,"19":1,"20":1,"21":5,"22":5,"23":5,"24":5,"25":5,"26":5,"27":5,"28":1,"29":1,"30":6,"31":1,"32":1,"33":5,"34":5,"35":5,"36":5,"37":5,"38":5,"39":1,"40":5,"41":1,"42":1,"43":1,"44":1,"45":4,"46":2},"f":{"0":3,"1":7},"b":{"0":[1,1],"1":[1,6],"2":[1,5],"3":[1,4]},"_coverageSchema":"1a1c01bbd47fc00a2c39e90264f33305004495a9","hash":"f6b5d18c985fd18504766c12831dd42cb2602b09"}
,"C:\\Users\\cefalo\\mymy\\mystory\\model\\StorySchema.js": {"path":"C:\\Users\\cefalo\\mymy\\mystory\\model\\StorySchema.js","statementMap":{"0":{"start":{"line":1,"column":17},"end":{"line":1,"column":36}},"1":{"start":{"line":2,"column":20},"end":{"line":17,"column":2}},"2":{"start":{"line":19,"column":0},"end":{"line":19,"column":72}}},"fnMap":{},"branchMap":{},"s":{"0":4,"1":4,"2":4},"f":{},"b":{},"_coverageSchema":"1a1c01bbd47fc00a2c39e90264f33305004495a9","hash":"c30982b0e056d7f1488b8fb6ccd5342db239afd7"}
,"C:\\Users\\cefalo\\mymy\\mystory\\model\\UserSchema.js": {"path":"C:\\Users\\cefalo\\mymy\\mystory\\model\\UserSchema.js","statementMap":{"0":{"start":{"line":1,"column":17},"end":{"line":1,"column":36}},"1":{"start":{"line":3,"column":18},"end":{"line":8,"column":1}},"2":{"start":{"line":10,"column":0},"end":{"line":10,"column":71}}},"fnMap":{},"branchMap":{},"s":{"0":4,"1":4,"2":4},"f":{},"b":{},"_coverageSchema":"1a1c01bbd47fc00a2c39e90264f33305004495a9","hash":"2a8ae18c8de91c8d8e3a35ebdc3b333989ab6bd8"}
,"C:\\Users\\cefalo\\mymy\\mystory\\route\\Index.js": {"path":"C:\\Users\\cefalo\\mymy\\mystory\\route\\Index.js","statementMap":{"0":{"start":{"line":1,"column":16},"end":{"line":1,"column":34}},"1":{"start":{"line":2,"column":14},"end":{"line":2,"column":30}},"2":{"start":{"line":3,"column":17},"end":{"line":3,"column":36}},"3":{"start":{"line":5,"column":19},"end":{"line":5,"column":37}},"4":{"start":{"line":6,"column":22},"end":{"line":6,"column":43}},"5":{"start":{"line":7,"column":21},"end":{"line":7,"column":41}},"6":{"start":{"line":8,"column":12},"end":{"line":8,"column":21}},"7":{"start":{"line":9,"column":13},"end":{"line":9,"column":28}},"8":{"start":{"line":12,"column":0},"end":{"line":12,"column":37}},"9":{"start":{"line":13,"column":0},"end":{"line":13,"column":43}},"10":{"start":{"line":14,"column":0},"end":{"line":14,"column":41}},"11":{"start":{"line":17,"column":0},"end":{"line":17,"column":24}}},"fnMap":{},"branchMap":{},"s":{"0":1,"1":1,"2":1,"3":1,"4":1,"5":1,"6":1,"7":1,"8":1,"9":1,"10":1,"11":1},"f":{},"b":{},"_coverageSchema":"1a1c01bbd47fc00a2c39e90264f33305004495a9","hash":"dce5f4fa975da5a2dd6d222dc87f0222aa0960e6"}
,"C:\\Users\\cefalo\\mymy\\mystory\\route\\Login.js": {"path":"C:\\Users\\cefalo\\mymy\\mystory\\route\\Login.js","statementMap":{"0":{"start":{"line":1,"column":16},"end":{"line":1,"column":34}},"1":{"start":{"line":2,"column":17},"end":{"line":2,"column":36}},"2":{"start":{"line":3,"column":19},"end":{"line":3,"column":49}},"3":{"start":{"line":4,"column":15},"end":{"line":4,"column":31}},"4":{"start":{"line":7,"column":11},"end":{"line":7,"column":50}},"5":{"start":{"line":8,"column":11},"end":{"line":8,"column":50}},"6":{"start":{"line":11,"column":0},"end":{"line":11,"column":34}},"7":{"start":{"line":15,"column":0},"end":{"line":15,"column":24}}},"fnMap":{},"branchMap":{},"s":{"0":1,"1":1,"2":1,"3":1,"4":1,"5":1,"6":1,"7":1},"f":{},"b":{},"_coverageSchema":"1a1c01bbd47fc00a2c39e90264f33305004495a9","hash":"f8a10f319de442e5c3b611f8c9c4888c66eebd7e"}
,"C:\\Users\\cefalo\\mymy\\mystory\\route\\Register.js": {"path":"C:\\Users\\cefalo\\mymy\\mystory\\route\\Register.js","statementMap":{"0":{"start":{"line":1,"column":16},"end":{"line":1,"column":34}},"1":{"start":{"line":2,"column":17},"end":{"line":2,"column":36}},"2":{"start":{"line":3,"column":15},"end":{"line":3,"column":31}},"3":{"start":{"line":6,"column":11},"end":{"line":6,"column":50}},"4":{"start":{"line":7,"column":11},"end":{"line":7,"column":50}},"5":{"start":{"line":9,"column":0},"end":{"line":9,"column":87}},"6":{"start":{"line":11,"column":0},"end":{"line":11,"column":24}}},"fnMap":{},"branchMap":{},"s":{"0":1,"1":1,"2":1,"3":1,"4":1,"5":1,"6":1},"f":{},"b":{},"_coverageSchema":"1a1c01bbd47fc00a2c39e90264f33305004495a9","hash":"5b2676873b1e0cdac990b7a41e0500df368a5b74"}
,"C:\\Users\\cefalo\\mymy\\mystory\\route\\Stories.js": {"path":"C:\\Users\\cefalo\\mymy\\mystory\\route\\Stories.js","statementMap":{"0":{"start":{"line":1,"column":16},"end":{"line":1,"column":34}},"1":{"start":{"line":2,"column":15},"end":{"line":2,"column":31}},"2":{"start":{"line":3,"column":17},"end":{"line":3,"column":36}},"3":{"start":{"line":6,"column":11},"end":{"line":6,"column":50}},"4":{"start":{"line":7,"column":11},"end":{"line":7,"column":50}},"5":{"start":{"line":8,"column":11},"end":{"line":8,"column":51}},"6":{"start":{"line":11,"column":0},"end":{"line":11,"column":48}},"7":{"start":{"line":12,"column":0},"end":{"line":12,"column":49}},"8":{"start":{"line":13,"column":0},"end":{"line":13,"column":66}},"9":{"start":{"line":14,"column":0},"end":{"line":14,"column":77}},"10":{"start":{"line":15,"column":0},"end":{"line":15,"column":79}},"11":{"start":{"line":17,"column":0},"end":{"line":17,"column":24}}},"fnMap":{},"branchMap":{},"s":{"0":1,"1":1,"2":1,"3":1,"4":1,"5":1,"6":1,"7":1,"8":1,"9":1,"10":1,"11":1},"f":{},"b":{},"_coverageSchema":"1a1c01bbd47fc00a2c39e90264f33305004495a9","hash":"a76685f0ca5b4a562a7cfb6676d482147c5114a6"}
}
