TN:
SF:server.js
FN:19,(anonymous_0)
FNF:1
FNH:1
FNDA:1,(anonymous_0)
DA:1,1
DA:2,1
DA:3,1
DA:4,1
DA:5,1
DA:6,1
DA:7,1
DA:10,1
DA:11,1
DA:12,1
DA:13,1
DA:15,1
DA:17,1
DA:19,1
DA:20,1
LF:15
LH:15
BRDA:17,0,0,1
BRDA:17,0,1,0
BRF:2
BRH:1
end_of_record
TN:
SF:DB\Connection.js
FN:9,(anonymous_0)
FNF:1
FNH:1
FNDA:1,(anonymous_0)
DA:1,1
DA:2,1
DA:3,1
DA:8,1
DA:9,1
DA:10,1
DA:15,0
DA:18,1
LF:8
LH:7
BRF:0
BRH:0
end_of_record
TN:
SF:controller\AuthController.js
FN:12,(anonymous_0)
FN:23,(anonymous_1)
FN:30,(anonymous_2)
FN:61,(anonymous_3)
FN:75,(anonymous_4)
FN:86,(anonymous_5)
FNF:6
FNH:6
FNDA:5,(anonymous_0)
FNDA:2,(anonymous_1)
FNDA:7,(anonymous_2)
FNDA:5,(anonymous_3)
FNDA:3,(anonymous_4)
FNDA:5,(anonymous_5)
DA:1,2
DA:2,2
DA:3,2
DA:4,2
DA:5,2
DA:7,2
DA:8,2
DA:11,2
DA:13,5
DA:14,5
DA:15,2
DA:17,3
DA:18,1
DA:21,2
DA:25,2
DA:26,2
DA:27,2
DA:32,7
DA:34,7
DA:35,7
DA:36,1
DA:38,6
DA:39,5
DA:40,2
DA:43,3
DA:45,2
DA:52,2
DA:54,1
DA:57,1
DA:62,5
DA:64,5
DA:65,4
DA:66,4
DA:67,4
DA:68,4
DA:71,1
DA:76,3
DA:77,3
DA:78,2
DA:79,2
DA:80,2
DA:83,1
DA:87,5
DA:88,5
DA:89,5
DA:91,5
DA:92,5
DA:93,4
DA:94,4
DA:95,4
DA:96,3
DA:97,3
DA:98,3
DA:101,1
DA:105,1
DA:111,2
LF:56
LH:56
BRDA:14,0,0,2
BRDA:14,0,1,3
BRDA:14,1,0,5
BRDA:14,1,1,4
BRDA:17,2,0,1
BRDA:17,2,1,2
BRDA:35,3,0,1
BRDA:35,3,1,6
BRDA:35,4,0,7
BRDA:35,4,1,7
BRDA:39,5,0,2
BRDA:39,5,1,3
BRDA:43,6,0,2
BRDA:43,6,1,1
BRDA:64,7,0,4
BRDA:64,7,1,1
BRDA:95,8,0,3
BRDA:95,8,1,1
BRF:18
BRH:18
end_of_record
TN:
SF:controller\StoryController.js
FN:11,(anonymous_0)
FN:19,(anonymous_1)
FN:32,(anonymous_2)
FN:49,(anonymous_3)
FN:69,(anonymous_4)
FNF:5
FNH:5
FNDA:3,(anonymous_0)
FNDA:4,(anonymous_1)
FNDA:4,(anonymous_2)
FNDA:6,(anonymous_3)
FNDA:3,(anonymous_4)
DA:1,2
DA:2,2
DA:3,2
DA:6,2
DA:7,2
DA:8,2
DA:10,2
DA:12,3
DA:13,3
DA:14,1
DA:16,2
DA:17,2
DA:20,4
DA:21,4
DA:22,4
DA:23,3
DA:24,2
DA:25,2
DA:28,1
DA:33,4
DA:34,4
DA:35,4
DA:36,3
DA:37,3
DA:38,3
DA:39,3
DA:40,3
DA:41,3
DA:43,2
DA:46,1
DA:51,6
DA:52,6
DA:53,6
DA:54,6
DA:56,6
DA:57,6
DA:63,5
DA:65,1
DA:70,3
DA:71,3
DA:72,3
DA:75,2
DA:78,1
DA:83,2
LF:44
LH:44
BRDA:13,0,0,1
BRDA:13,0,1,2
BRDA:23,1,0,1
BRDA:23,1,1,2
BRDA:35,2,0,1
BRDA:35,2,1,3
BRDA:35,3,0,4
BRDA:35,3,1,3
BRDA:53,4,0,2
BRDA:53,4,1,4
BRDA:54,5,0,2
BRDA:54,5,1,4
BRF:12
BRH:12
end_of_record
TN:
SF:controller\UserController.js
FN:14,(anonymous_0)
FN:34,(anonymous_1)
FNF:2
FNH:2
FNDA:3,(anonymous_0)
FNDA:7,(anonymous_1)
DA:1,2
DA:2,2
DA:3,2
DA:4,2
DA:5,2
DA:9,2
DA:10,2
DA:12,2
DA:15,3
DA:16,3
DA:18,3
DA:19,3
DA:23,1
DA:26,2
DA:27,1
DA:30,1
DA:35,7
DA:36,7
DA:48,1
DA:49,1
DA:50,1
DA:51,5
DA:52,5
DA:53,5
DA:54,5
DA:55,5
DA:56,5
DA:57,5
DA:59,1
DA:60,1
DA:62,6
DA:63,1
DA:64,1
DA:65,5
DA:66,5
DA:67,5
DA:68,5
DA:69,5
DA:70,5
DA:72,1
DA:74,5
DA:75,1
DA:76,1
DA:77,1
DA:78,1
DA:81,4
DA:88,2
LF:47
LH:47
BRDA:26,0,0,1
BRDA:26,0,1,1
BRDA:36,1,0,1
BRDA:36,1,1,6
BRDA:62,2,0,1
BRDA:62,2,1,5
BRDA:74,3,0,1
BRDA:74,3,1,4
BRF:8
BRH:8
end_of_record
TN:
SF:model\StorySchema.js
FNF:0
FNH:0
DA:1,4
DA:2,4
DA:19,4
LF:3
LH:3
BRF:0
BRH:0
end_of_record
TN:
SF:model\UserSchema.js
FNF:0
FNH:0
DA:1,4
DA:3,4
DA:10,4
LF:3
LH:3
BRF:0
BRH:0
end_of_record
TN:
SF:route\Index.js
FNF:0
FNH:0
DA:1,1
DA:2,1
DA:3,1
DA:5,1
DA:6,1
DA:7,1
DA:8,1
DA:9,1
DA:12,1
DA:13,1
DA:14,1
DA:17,1
LF:12
LH:12
BRF:0
BRH:0
end_of_record
TN:
SF:route\Login.js
FNF:0
FNH:0
DA:1,1
DA:2,1
DA:3,1
DA:4,1
DA:7,1
DA:8,1
DA:11,1
DA:15,1
LF:8
LH:8
BRF:0
BRH:0
end_of_record
TN:
SF:route\Register.js
FNF:0
FNH:0
DA:1,1
DA:2,1
DA:3,1
DA:6,1
DA:7,1
DA:9,1
DA:11,1
LF:7
LH:7
BRF:0
BRH:0
end_of_record
TN:
SF:route\Stories.js
FNF:0
FNH:0
DA:1,1
DA:2,1
DA:3,1
DA:6,1
DA:7,1
DA:8,1
DA:11,1
DA:12,1
DA:13,1
DA:14,1
DA:15,1
DA:17,1
LF:12
LH:12
BRF:0
BRH:0
end_of_record
